#
# A fatal error has been detected by the Java Runtime Environment:
#
#  EXCEPTION_ACCESS_VIOLATION (0xc0000005) at pc=0x000000002083f77e, pid=11948, tid=12176
#
# JRE version: Java(TM) SE Runtime Environment (8.0_77-b03) (build 1.8.0_77-b03)
# Java VM: Java HotSpot(TM) 64-Bit Server VM (25.77-b03 mixed mode windows-amd64 compressed oops)
# Problematic frame:
# C  [HCCoreDevCfg.dll+0x5f77e]
#
# Failed to write core dump. Minidumps are not enabled by default on client versions of Windows
#
# If you would like to submit a bug report, please visit:
#   http://bugreport.java.com/bugreport/crash.jsp
# The crash happened outside the Java Virtual Machine in native code.
# See problematic frame for where to report the bug.
#

---------------  T H R E A D  ---------------

Current thread (0x000000001b60a800):  JavaThread "http-nio-8080-exec-1" daemon [_thread_in_native, id=12176, stack(0x000000001d110000,0x000000001d210000)]

siginfo: ExceptionCode=0xc0000005, reading address 0x0000000000000001

Registers:
RAX=0x0000000000000001, RBX=0x000000001e0c5210, RCX=0x0000000000969ef0, RDX=0x0000000000000001
RSP=0x000000001d20be00, RBP=0x000000001d20c650, RSI=0x00000000d8eaa6f8, RDI=0x000000001d20c3e0
R8 =0x0000000000000000, R9 =0x000000000000001f, R10=0x0000000000000000, R11=0x0000000000969ef0
R12=0x0000000000000000, R13=0x000000001e0c5210, R14=0x000000001d20cac0, R15=0x000000001b60a800
RIP=0x000000002083f77e, EFLAGS=0x0000000000010246

Top of Stack: (sp=0x000000001d20be00)
0x000000001d20be00:   000000001b60a800 000000001d20cac0
0x000000001d20be10:   000000001e0c5210 0000000000000000
0x000000001d20be20:   0000000000000000 00000000d8eaa6f8
0x000000001d20be30:   000000001d20c650 00007ffaa52be290
0x000000001d20be40:   0000000000969ef0 0000000000000001
0x000000001d20be50:   0000000000000000 0000000000000001
0x000000001d20be60:   00000000ffffff00 040028c100000065
0x000000001d20be70:   00001067ffffffff 0000000000000001
0x000000001d20be80:   0000000000969ef0 00000000fffffffe
0x000000001d20be90:   0000000000000411 00007ffaa52eee0d
0x000000001d20bea0:   000000001d20bfe0 00007ffaa52bd2c9
0x000000001d20beb0:   000000001e0c5210 000000001e4b5cd6
0x000000001d20bec0:   00000000fffffffe 000000001e407248
0x000000001d20bed0:   fffffffe00000000 000000001d20c3e0
0x000000001d20bee0:   fffffffffffffffe 00007ffaa52ed923
0x000000001d20bef0:   0000000000000000 000000001e45b4f3 

Instructions: (pc=0x000000002083f77e)
0x000000002083f75e:   8b 44 24 40 0f b7 48 56 e8 c5 52 fa ff 48 8b 4c
0x000000002083f76e:   24 48 66 89 41 56 e9 28 08 00 00 48 8b 44 24 48
0x000000002083f77e:   8b 00 48 83 f8 74 74 14 b9 11 00 00 00 e8 a2 a8
0x000000002083f78e:   00 00 b8 ff ff ff ff e9 09 08 00 00 ba 74 00 00 


Register to memory mapping:

RAX=0x0000000000000001 is an unknown value
RBX={method} {0x000000001e0c5218} 'invokeInt' '(I[Ljava/lang/Object;)I' in 'com/sun/jna/Function'
RCX=0x0000000000969ef0 is an unknown value
RDX=0x0000000000000001 is an unknown value
RSP=0x000000001d20be00 is pointing into the stack for thread: 0x000000001b60a800
RBP=0x000000001d20c650 is pointing into the stack for thread: 0x000000001b60a800
RSI=0x00000000d8eaa6f8 is an oop
java.util.HashMap$Node 
 - klass: 'java/util/HashMap$Node'
RDI=0x000000001d20c3e0 is pointing into the stack for thread: 0x000000001b60a800
R8 =0x0000000000000000 is an unknown value
R9 =0x000000000000001f is an unknown value
R10=0x0000000000000000 is an unknown value
R11=0x0000000000969ef0 is an unknown value
R12=0x0000000000000000 is an unknown value
R13={method} {0x000000001e0c5218} 'invokeInt' '(I[Ljava/lang/Object;)I' in 'com/sun/jna/Function'
R14=0x000000001d20cac0 is pointing into the stack for thread: 0x000000001b60a800
R15=0x000000001b60a800 is a thread


Stack: [0x000000001d110000,0x000000001d210000],  sp=0x000000001d20be00,  free space=1007k
Native frames: (J=compiled Java code, j=interpreted, Vv=VM code, C=native code)
C  [HCCoreDevCfg.dll+0x5f77e]
C  [HCGeneralCfgMgr.dll+0xfe290]
C  [HCGeneralCfgMgr.dll+0x12ee0d]
C  [HCCore.dll+0xdcbf4]
C  [HCCore.dll+0xdc588]
C  [HCCore.dll+0xdd387]
C  [HCNetSDK.dll+0x2c963]
C  [jna5787191117460209158.tmp+0x11243]
C  [jna5787191117460209158.tmp+0x9d0d]
C  [jna5787191117460209158.tmp+0x1ee7]
C  [jna5787191117460209158.tmp+0x2417]
C  0x0000000002ad5e34

Java frames: (J=compiled Java code, j=interpreted, Vv=VM code)
j  com.sun.jna.Function.invokeInt(I[Ljava/lang/Object;)I+0
j  com.sun.jna.Function.invoke([Ljava/lang/Object;Ljava/lang/Class;)Ljava/lang/Object;+90
j  com.sun.jna.Function.invoke(Ljava/lang/Class;[Ljava/lang/Object;Ljava/util/Map;)Ljava/lang/Object;+194
j  com.sun.jna.Library$Handler.invoke(Ljava/lang/Object;Ljava/lang/reflect/Method;[Ljava/lang/Object;)Ljava/lang/Object;+344
j  com.sun.proxy.$Proxy70.NET_DVR_SetDVRConfig(IIIII)Z+49
j  com.javakc.Test1.Test1.zhece(Ljava/lang/String;)V+235
j  com.javakc.luxiang.controller.LuxiangController.chushihua(Ljava/lang/String;)V+26
j  com.javakc.luxiang.controller.LuxiangController.kaishi(Ljava/lang/String;)Ljava/lang/String;+20
v  ~StubRoutines::call_stub
J 1590  sun.reflect.NativeMethodAccessorImpl.invoke0(Ljava/lang/reflect/Method;Ljava/lang/Object;[Ljava/lang/Object;)Ljava/lang/Object; (0 bytes) @ 0x0000000002e1113f [0x0000000002e110c0+0x7f]
J 1589 C1 sun.reflect.NativeMethodAccessorImpl.invoke(Ljava/lang/Object;[Ljava/lang/Object;)Ljava/lang/Object; (104 bytes) @ 0x0000000002e1188c [0x0000000002e11520+0x36c]
J 1763 C1 sun.reflect.DelegatingMethodAccessorImpl.invoke(Ljava/lang/Object;[Ljava/lang/Object;)Ljava/lang/Object; (10 bytes) @ 0x0000000002e593e4 [0x0000000002e593a0+0x44]
J 1578 C1 java.lang.reflect.Method.invoke(Ljava/lang/Object;[Ljava/lang/Object;)Ljava/lang/Object; (62 bytes) @ 0x0000000002e0d9fc [0x0000000002e0d920+0xdc]
j  org.springframework.web.method.support.InvocableHandlerMethod.doInvoke([Ljava/lang/Object;)Ljava/lang/Object;+32
j  org.springframework.web.method.support.InvocableHandlerMethod.invokeForRequest(Lorg/springframework/web/context/request/NativeWebRequest;Lorg/springframework/web/method/support/ModelAndViewContainer;[Ljava/lang/Object;)Ljava/lang/Object;+54
j  org.springframework.web.servlet.mvc.method.annotation.ServletInvocableHandlerMethod.invokeAndHandle(Lorg/springframework/web/context/request/ServletWebRequest;Lorg/springframework/web/method/support/ModelAndViewContainer;[Ljava/lang/Object;)V+4
j  org.springframework.web.servlet.mvc.method.annotation.RequestMappingHandlerAdapter.invokeHandlerMethod(Ljavax/servlet/http/HttpServletRequest;Ljavax/servlet/http/HttpServletResponse;Lorg/springframework/web/method/HandlerMethod;)Lorg/springframework/web/servlet/ModelAndView;+244
j  org.springframework.web.servlet.mvc.method.annotation.RequestMappingHandlerAdapter.handleInternal(Ljavax/servlet/http/HttpServletRequest;Ljavax/servlet/http/HttpServletResponse;Lorg/springframework/web/method/HandlerMethod;)Lorg/springframework/web/servlet/ModelAndView;+81
j  org.springframework.web.servlet.mvc.method.AbstractHandlerMethodAdapter.handle(Ljavax/servlet/http/HttpServletRequest;Ljavax/servlet/http/HttpServletResponse;Ljava/lang/Object;)Lorg/springframework/web/servlet/ModelAndView;+7
j  org.springframework.web.servlet.DispatcherServlet.doDispatch(Ljavax/servlet/http/HttpServletRequest;Ljavax/servlet/http/HttpServletResponse;)V+257
j  org.springframework.web.servlet.DispatcherServlet.doService(Ljavax/servlet/http/HttpServletRequest;Ljavax/servlet/http/HttpServletResponse;)V+235
j  org.springframework.web.servlet.FrameworkServlet.processRequest(Ljavax/servlet/http/HttpServletRequest;Ljavax/servlet/http/HttpServletResponse;)V+71
j  org.springframework.web.servlet.FrameworkServlet.doGet(Ljavax/servlet/http/HttpServletRequest;Ljavax/servlet/http/HttpServletResponse;)V+3
j  javax.servlet.http.HttpServlet.service(Ljavax/servlet/http/HttpServletRequest;Ljavax/servlet/http/HttpServletResponse;)V+35
j  org.springframework.web.servlet.FrameworkServlet.service(Ljavax/servlet/http/HttpServletRequest;Ljavax/servlet/http/HttpServletResponse;)V+33
j  javax.servlet.http.HttpServlet.service(Ljavax/servlet/ServletRequest;Ljavax/servlet/ServletResponse;)V+39
j  org.apache.catalina.core.ApplicationFilterChain.internalDoFilter(Ljavax/servlet/ServletRequest;Ljavax/servlet/ServletResponse;)V+304
j  org.apache.catalina.core.ApplicationFilterChain.doFilter(Ljavax/servlet/ServletRequest;Ljavax/servlet/ServletResponse;)V+101
j  org.apache.tomcat.websocket.server.WsFilter.doFilter(Ljavax/servlet/ServletRequest;Ljavax/servlet/ServletResponse;Ljavax/servlet/FilterChain;)V+21
j  org.apache.catalina.core.ApplicationFilterChain.internalDoFilter(Ljavax/servlet/ServletRequest;Ljavax/servlet/ServletResponse;)V+135
j  org.apache.catalina.core.ApplicationFilterChain.doFilter(Ljavax/servlet/ServletRequest;Ljavax/servlet/ServletResponse;)V+101
j  com.alibaba.druid.support.http.WebStatFilter.doFilter(Ljavax/servlet/ServletRequest;Ljavax/servlet/ServletResponse;Ljavax/servlet/FilterChain;)V+190
j  org.apache.catalina.core.ApplicationFilterChain.internalDoFilter(Ljavax/servlet/ServletRequest;Ljavax/servlet/ServletResponse;)V+135
j  org.apache.catalina.core.ApplicationFilterChain.doFilter(Ljavax/servlet/ServletRequest;Ljavax/servlet/ServletResponse;)V+101
j  org.springframework.web.filter.RequestContextFilter.doFilterInternal(Ljavax/servlet/http/HttpServletRequest;Ljavax/servlet/http/HttpServletResponse;Ljavax/servlet/FilterChain;)V+21
j  org.springframework.web.filter.OncePerRequestFilter.doFilter(Ljavax/servlet/ServletRequest;Ljavax/servlet/ServletResponse;Ljavax/servlet/FilterChain;)V+147
j  org.apache.catalina.core.ApplicationFilterChain.internalDoFilter(Ljavax/servlet/ServletRequest;Ljavax/servlet/ServletResponse;)V+135
j  org.apache.catalina.core.ApplicationFilterChain.doFilter(Ljavax/servlet/ServletRequest;Ljavax/servlet/ServletResponse;)V+101
j  org.springframework.web.filter.FormContentFilter.doFilterInternal(Ljavax/servlet/http/HttpServletRequest;Ljavax/servlet/http/HttpServletResponse;Ljavax/servlet/FilterChain;)V+38
j  org.springframework.web.filter.OncePerRequestFilter.doFilter(Ljavax/servlet/ServletRequest;Ljavax/servlet/ServletResponse;Ljavax/servlet/FilterChain;)V+147
j  org.apache.catalina.core.ApplicationFilterChain.internalDoFilter(Ljavax/servlet/ServletRequest;Ljavax/servlet/ServletResponse;)V+135
j  org.apache.catalina.core.ApplicationFilterChain.doFilter(Ljavax/servlet/ServletRequest;Ljavax/servlet/ServletResponse;)V+101
j  org.springframework.web.filter.CharacterEncodingFilter.doFilterInternal(Ljavax/servlet/http/HttpServletRequest;Ljavax/servlet/http/HttpServletResponse;Ljavax/servlet/FilterChain;)V+53
j  org.springframework.web.filter.OncePerRequestFilter.doFilter(Ljavax/servlet/ServletRequest;Ljavax/servlet/ServletResponse;Ljavax/servlet/FilterChain;)V+147
j  org.apache.catalina.core.ApplicationFilterChain.internalDoFilter(Ljavax/servlet/ServletRequest;Ljavax/servlet/ServletResponse;)V+135
j  org.apache.catalina.core.ApplicationFilterChain.doFilter(Ljavax/servlet/ServletRequest;Ljavax/servlet/ServletResponse;)V+101
j  org.apache.catalina.core.StandardWrapperValve.invoke(Lorg/apache/catalina/connector/Request;Lorg/apache/catalina/connector/Response;)V+694
j  org.apache.catalina.core.StandardContextValve.invoke(Lorg/apache/catalina/connector/Request;Lorg/apache/catalina/connector/Response;)V+169
j  org.apache.catalina.authenticator.AuthenticatorBase.invoke(Lorg/apache/catalina/connector/Request;Lorg/apache/catalina/connector/Response;)V+260
j  org.apache.catalina.core.StandardHostValve.invoke(Lorg/apache/catalina/connector/Request;Lorg/apache/catalina/connector/Response;)V+128
j  org.apache.catalina.valves.ErrorReportValve.invoke(Lorg/apache/catalina/connector/Request;Lorg/apache/catalina/connector/Response;)V+6
j  org.apache.catalina.core.StandardEngineValve.invoke(Lorg/apache/catalina/connector/Request;Lorg/apache/catalina/connector/Response;)V+59
j  org.apache.catalina.connector.CoyoteAdapter.service(Lorg/apache/coyote/Request;Lorg/apache/coyote/Response;)V+199
j  org.apache.coyote.http11.Http11Processor.service(Lorg/apache/tomcat/util/net/SocketWrapperBase;)Lorg/apache/tomcat/util/net/AbstractEndpoint$Handler$SocketState;+737
j  org.apache.coyote.AbstractProcessorLight.process(Lorg/apache/tomcat/util/net/SocketWrapperBase;Lorg/apache/tomcat/util/net/SocketEvent;)Lorg/apache/tomcat/util/net/AbstractEndpoint$Handler$SocketState;+170
j  org.apache.coyote.AbstractProtocol$ConnectionHandler.process(Lorg/apache/tomcat/util/net/SocketWrapperBase;Lorg/apache/tomcat/util/net/SocketEvent;)Lorg/apache/tomcat/util/net/AbstractEndpoint$Handler$SocketState;+505
j  org.apache.tomcat.util.net.NioEndpoint$SocketProcessor.doRun()V+216
j  org.apache.tomcat.util.net.SocketProcessorBase.run()V+21
j  java.util.concurrent.ThreadPoolExecutor.runWorker(Ljava/util/concurrent/ThreadPoolExecutor$Worker;)V+95
j  java.util.concurrent.ThreadPoolExecutor$Worker.run()V+5
j  org.apache.tomcat.util.threads.TaskThread$WrappingRunnable.run()V+4
j  java.lang.Thread.run()V+11
v  ~StubRoutines::call_stub

---------------  P R O C E S S  ---------------

Java Threads: ( => current thread )
  0x000000001b61e800 JavaThread "RMI TCP Connection(3)-172.16.84.1" daemon [_thread_in_native, id=5396, stack(0x000000001df10000,0x000000001e010000)]
  0x000000001b616800 JavaThread "RMI TCP Connection(2)-172.16.84.1" daemon [_thread_in_native, id=6592, stack(0x000000001de10000,0x000000001df10000)]
  0x000000001b61b000 JavaThread "DestroyJavaVM" [_thread_blocked, id=11996, stack(0x0000000002750000,0x0000000002850000)]
  0x000000001b61a800 JavaThread "http-nio-8080-Acceptor" daemon [_thread_in_native, id=228, stack(0x000000001dd10000,0x000000001de10000)]
  0x000000001b61d800 JavaThread "http-nio-8080-ClientPoller" daemon [_thread_in_native, id=5928, stack(0x000000001dc10000,0x000000001dd10000)]
  0x000000001b619800 JavaThread "http-nio-8080-exec-10" daemon [_thread_blocked, id=11624, stack(0x000000001db10000,0x000000001dc10000)]
  0x000000001b609800 JavaThread "http-nio-8080-exec-9" daemon [_thread_blocked, id=1564, stack(0x000000001da10000,0x000000001db10000)]
  0x000000001b609000 JavaThread "http-nio-8080-exec-8" daemon [_thread_blocked, id=11912, stack(0x000000001d910000,0x000000001da10000)]
  0x000000001b608000 JavaThread "http-nio-8080-exec-7" daemon [_thread_blocked, id=11616, stack(0x000000001d810000,0x000000001d910000)]
  0x000000001b607800 JavaThread "http-nio-8080-exec-6" daemon [_thread_blocked, id=12080, stack(0x000000001d710000,0x000000001d810000)]
  0x000000001b60c800 JavaThread "http-nio-8080-exec-5" daemon [_thread_blocked, id=8380, stack(0x000000001d610000,0x000000001d710000)]
  0x000000001b60b000 JavaThread "http-nio-8080-exec-4" daemon [_thread_blocked, id=12712, stack(0x000000001d410000,0x000000001d510000)]
  0x000000001b606800 JavaThread "http-nio-8080-exec-3" daemon [_thread_blocked, id=6100, stack(0x000000001d310000,0x000000001d410000)]
  0x000000001b60c000 JavaThread "http-nio-8080-exec-2" daemon [_thread_blocked, id=12904, stack(0x000000001d210000,0x000000001d310000)]
=>0x000000001b60a800 JavaThread "http-nio-8080-exec-1" daemon [_thread_in_native, id=12176, stack(0x000000001d110000,0x000000001d210000)]
  0x000000001b60d800 JavaThread "http-nio-8080-BlockPoller" daemon [_thread_in_native, id=3416, stack(0x000000001d010000,0x000000001d110000)]
  0x000000001b35a000 JavaThread "Druid-ConnectionPool-Destroy-1145302895" daemon [_thread_blocked, id=6624, stack(0x000000001cb10000,0x000000001cc10000)]
  0x000000001b2e3800 JavaThread "Druid-ConnectionPool-Create-1145302895" daemon [_thread_blocked, id=2844, stack(0x000000001ca10000,0x000000001cb10000)]
  0x000000001b29e800 JavaThread "Abandoned connection cleanup thread" daemon [_thread_blocked, id=13244, stack(0x000000001c710000,0x000000001c810000)]
  0x000000001b241800 JavaThread "container-0" [_thread_blocked, id=2976, stack(0x000000001c610000,0x000000001c710000)]
  0x000000001b240800 JavaThread "Catalina-utility-2" [_thread_blocked, id=12744, stack(0x000000001c510000,0x000000001c610000)]
  0x000000001b240000 JavaThread "Catalina-utility-1" [_thread_blocked, id=8844, stack(0x0000000019f50000,0x000000001a050000)]
  0x0000000019a2c000 JavaThread "RMI Scheduler(0)" daemon [_thread_blocked, id=11396, stack(0x000000001a840000,0x000000001a940000)]
  0x0000000019a2b000 JavaThread "RMI TCP Connection(1)-172.16.84.1" daemon [_thread_in_native, id=11788, stack(0x000000001a540000,0x000000001a640000)]
  0x00000000195f1800 JavaThread "RMI TCP Accept-0" daemon [_thread_in_native, id=10476, stack(0x0000000019d50000,0x0000000019e50000)]
  0x0000000018da1800 JavaThread "Service Thread" daemon [_thread_blocked, id=9940, stack(0x0000000019430000,0x0000000019530000)]
  0x0000000018d81800 JavaThread "C1 CompilerThread2" daemon [_thread_blocked, id=12144, stack(0x0000000019330000,0x0000000019430000)]
  0x0000000018d23000 JavaThread "C2 CompilerThread1" daemon [_thread_blocked, id=10372, stack(0x0000000019230000,0x0000000019330000)]
  0x0000000018d21800 JavaThread "C2 CompilerThread0" daemon [_thread_blocked, id=6332, stack(0x0000000019130000,0x0000000019230000)]
  0x0000000018cff000 JavaThread "Monitor Ctrl-Break" daemon [_thread_in_native, id=12700, stack(0x0000000019030000,0x0000000019130000)]
  0x0000000017667800 JavaThread "Attach Listener" daemon [_thread_blocked, id=7708, stack(0x0000000018f20000,0x0000000019020000)]
  0x0000000017653000 JavaThread "Signal Dispatcher" daemon [_thread_blocked, id=10432, stack(0x0000000018e20000,0x0000000018f20000)]
  0x0000000002abe800 JavaThread "Finalizer" daemon [_thread_blocked, id=7600, stack(0x00000000188b0000,0x00000000189b0000)]
  0x0000000017609000 JavaThread "Reference Handler" daemon [_thread_blocked, id=12060, stack(0x00000000187b0000,0x00000000188b0000)]

Other Threads:
  0x0000000017607000 VMThread [stack: 0x00000000186b0000,0x00000000187b0000] [id=11140]
  0x0000000019636800 WatcherThread [stack: 0x0000000019e50000,0x0000000019f50000] [id=11540]

VM state:not at safepoint (normal execution)

VM Mutex/Monitor currently owned by a thread: None

Heap:
 PSYoungGen      total 120832K, used 50807K [0x00000000d5d80000, 0x00000000e2b80000, 0x0000000100000000)
  eden space 111616K, 45% used [0x00000000d5d80000,0x00000000d8f1dd60,0x00000000dca80000)
  from space 9216K, 0% used [0x00000000dca80000,0x00000000dca80000,0x00000000dd380000)
  to   space 10752K, 0% used [0x00000000e2100000,0x00000000e2100000,0x00000000e2b80000)
 ParOldGen       total 89600K, used 15778K [0x0000000081800000, 0x0000000086f80000, 0x00000000d5d80000)
  object space 89600K, 17% used [0x0000000081800000,0x0000000082768bc0,0x0000000086f80000)
 Metaspace       used 37238K, capacity 39434K, committed 39680K, reserved 1083392K
  class space    used 5176K, capacity 5590K, committed 5632K, reserved 1048576K

Card table byte_map: [0x0000000011e80000,0x0000000012280000] byte_map_base: 0x0000000011a74000

Marking Bits: (ParMarkBitMap*) 0x000000006b870600
 Begin Bits: [0x0000000012930000, 0x00000000148d0000)
 End Bits:   [0x00000000148d0000, 0x0000000016870000)

Polling page: 0x0000000002850000

CodeCache: size=245760Kb used=7049Kb max_used=7049Kb free=238710Kb
 bounds [0x0000000002ac0000, 0x00000000031b0000, 0x0000000011ac0000]
 total_blobs=3915 nmethods=3448 adapters=379
 compilation: enabled

Compilation events (10 events):
Event: 13.999 Thread 0x0000000018d81800 3443       1       java.util.concurrent.atomic.AtomicInteger::set (6 bytes)
Event: 13.999 Thread 0x0000000018d81800 nmethod 3443 0x0000000003198e10 code [0x0000000003198f60, 0x0000000003199070]
Event: 14.435 Thread 0x0000000018d81800 3444       1       sun.reflect.UnsafeFieldAccessorImpl::ensureObj (23 bytes)
Event: 14.436 Thread 0x0000000018d81800 nmethod 3444 0x00000000031990d0 code [0x0000000003199260, 0x0000000003199518]
Event: 14.506 Thread 0x0000000018d81800 3446   !   1       com.sun.jna.Structure::getNativeSize (249 bytes)
Event: 14.508 Thread 0x0000000018d81800 nmethod 3446 0x0000000003199b50 code [0x0000000003199f80, 0x000000000319bf08]
Event: 14.508 Thread 0x0000000018d81800 3447       1       java.lang.reflect.Field::get (51 bytes)
Event: 14.509 Thread 0x0000000018d81800 nmethod 3447 0x000000000319d2d0 code [0x000000000319d460, 0x000000000319d688]
Event: 14.509 Thread 0x0000000018d81800 3448       1       com.sun.jna.Native::getNativeSize (553 bytes)
Event: 14.512 Thread 0x0000000018d81800 nmethod 3448 0x000000000319d790 code [0x000000000319de60, 0x00000000031a0248]

GC Heap History (10 events):
Event: 3.951 GC heap before
{Heap before GC invocations=5 (full 1):
 PSYoungGen      total 71680K, used 5101K [0x00000000d5d80000, 0x00000000da880000, 0x0000000100000000)
  eden space 66560K, 0% used [0x00000000d5d80000,0x00000000d5d80000,0x00000000d9e80000)
  from space 5120K, 99% used [0x00000000da380000,0x00000000da87b6c8,0x00000000da880000)
  to   space 5120K, 0% used [0x00000000d9e80000,0x00000000d9e80000,0x00000000da380000)
 ParOldGen       total 87552K, used 7808K [0x0000000081800000, 0x0000000086d80000, 0x00000000d5d80000)
  object space 87552K, 8% used [0x0000000081800000,0x0000000081fa00f8,0x0000000086d80000)
 Metaspace       used 20163K, capacity 21252K, committed 21296K, reserved 1067008K
  class space    used 2679K, capacity 2914K, committed 2944K, reserved 1048576K
Event: 3.985 GC heap after
Heap after GC invocations=5 (full 1):
 PSYoungGen      total 71680K, used 0K [0x00000000d5d80000, 0x00000000da880000, 0x0000000100000000)
  eden space 66560K, 0% used [0x00000000d5d80000,0x00000000d5d80000,0x00000000d9e80000)
  from space 5120K, 0% used [0x00000000da380000,0x00000000da380000,0x00000000da880000)
  to   space 5120K, 0% used [0x00000000d9e80000,0x00000000d9e80000,0x00000000da380000)
 ParOldGen       total 55296K, used 7606K [0x0000000081800000, 0x0000000084e00000, 0x00000000d5d80000)
  object space 55296K, 13% used [0x0000000081800000,0x0000000081f6db00,0x0000000084e00000)
 Metaspace       used 20163K, capacity 21252K, committed 21296K, reserved 1067008K
  class space    used 2679K, capacity 2914K, committed 2944K, reserved 1048576K
}
Event: 4.617 GC heap before
{Heap before GC invocations=6 (full 1):
 PSYoungGen      total 71680K, used 66560K [0x00000000d5d80000, 0x00000000da880000, 0x0000000100000000)
  eden space 66560K, 100% used [0x00000000d5d80000,0x00000000d9e80000,0x00000000d9e80000)
  from space 5120K, 0% used [0x00000000da380000,0x00000000da380000,0x00000000da880000)
  to   space 5120K, 0% used [0x00000000d9e80000,0x00000000d9e80000,0x00000000da380000)
 ParOldGen       total 55296K, used 7606K [0x0000000081800000, 0x0000000084e00000, 0x00000000d5d80000)
  object space 55296K, 13% used [0x0000000081800000,0x0000000081f6db00,0x0000000084e00000)
 Metaspace       used 25621K, capacity 27260K, committed 27392K, reserved 1073152K
  class space    used 3476K, capacity 3784K, committed 3840K, reserved 1048576K
Event: 4.625 GC heap after
Heap after GC invocations=6 (full 1):
 PSYoungGen      total 71680K, used 5116K [0x00000000d5d80000, 0x00000000ddc80000, 0x0000000100000000)
  eden space 66560K, 0% used [0x00000000d5d80000,0x00000000d5d80000,0x00000000d9e80000)
  from space 5120K, 99% used [0x00000000d9e80000,0x00000000da37f148,0x00000000da380000)
  to   space 9216K, 0% used [0x00000000dd380000,0x00000000dd380000,0x00000000ddc80000)
 ParOldGen       total 55296K, used 10177K [0x0000000081800000, 0x0000000084e00000, 0x00000000d5d80000)
  object space 55296K, 18% used [0x0000000081800000,0x00000000821f04d0,0x0000000084e00000)
 Metaspace       used 25621K, capacity 27260K, committed 27392K, reserved 1073152K
  class space    used 3476K, capacity 3784K, committed 3840K, reserved 1048576K
}
Event: 5.095 GC heap before
{Heap before GC invocations=7 (full 1):
 PSYoungGen      total 71680K, used 71676K [0x00000000d5d80000, 0x00000000ddc80000, 0x0000000100000000)
  eden space 66560K, 100% used [0x00000000d5d80000,0x00000000d9e80000,0x00000000d9e80000)
  from space 5120K, 99% used [0x00000000d9e80000,0x00000000da37f148,0x00000000da380000)
  to   space 9216K, 0% used [0x00000000dd380000,0x00000000dd380000,0x00000000ddc80000)
 ParOldGen       total 55296K, used 10177K [0x0000000081800000, 0x0000000084e00000, 0x00000000d5d80000)
  object space 55296K, 18% used [0x0000000081800000,0x00000000821f04d0,0x0000000084e00000)
 Metaspace       used 28479K, capacity 30182K, committed 30336K, reserved 1075200K
  class space    used 3812K, capacity 4137K, committed 4224K, reserved 1048576K
Event: 5.104 GC heap after
Heap after GC invocations=7 (full 1):
 PSYoungGen      total 120832K, used 7737K [0x00000000d5d80000, 0x00000000ddc80000, 0x0000000100000000)
  eden space 111616K, 0% used [0x00000000d5d80000,0x00000000d5d80000,0x00000000dca80000)
  from space 9216K, 83% used [0x00000000dd380000,0x00000000ddb0e4a0,0x00000000ddc80000)
  to   space 9216K, 0% used [0x00000000dca80000,0x00000000dca80000,0x00000000dd380000)
 ParOldGen       total 55296K, used 10185K [0x0000000081800000, 0x0000000084e00000, 0x00000000d5d80000)
  object space 55296K, 18% used [0x0000000081800000,0x00000000821f24d0,0x0000000084e00000)
 Metaspace       used 28479K, capacity 30182K, committed 30336K, reserved 1075200K
  class space    used 3812K, capacity 4137K, committed 4224K, reserved 1048576K
}
Event: 5.515 GC heap before
{Heap before GC invocations=8 (full 1):
 PSYoungGen      total 120832K, used 54691K [0x00000000d5d80000, 0x00000000ddc80000, 0x0000000100000000)
  eden space 111616K, 42% used [0x00000000d5d80000,0x00000000d8b5aa60,0x00000000dca80000)
  from space 9216K, 83% used [0x00000000dd380000,0x00000000ddb0e4a0,0x00000000ddc80000)
  to   space 9216K, 0% used [0x00000000dca80000,0x00000000dca80000,0x00000000dd380000)
 ParOldGen       total 55296K, used 10185K [0x0000000081800000, 0x0000000084e00000, 0x00000000d5d80000)
  object space 55296K, 18% used [0x0000000081800000,0x00000000821f24d0,0x0000000084e00000)
 Metaspace       used 33454K, capacity 35338K, committed 35496K, reserved 1079296K
  class space    used 4408K, capacity 4753K, committed 4864K, reserved 1048576K
Event: 5.525 GC heap after
Heap after GC invocations=8 (full 1):
 PSYoungGen      total 120832K, used 9214K [0x00000000d5d80000, 0x00000000e2b80000, 0x0000000100000000)
  eden space 111616K, 0% used [0x00000000d5d80000,0x00000000d5d80000,0x00000000dca80000)
  from space 9216K, 99% used [0x00000000dca80000,0x00000000dd37f870,0x00000000dd380000)
  to   space 10752K, 0% used [0x00000000e2100000,0x00000000e2100000,0x00000000e2b80000)
 ParOldGen       total 55296K, used 11190K [0x0000000081800000, 0x0000000084e00000, 0x00000000d5d80000)
  object space 55296K, 20% used [0x0000000081800000,0x00000000822ed990,0x0000000084e00000)
 Metaspace       used 33454K, capacity 35338K, committed 35496K, reserved 1079296K
  class space    used 4408K, capacity 4753K, committed 4864K, reserved 1048576K
}
Event: 5.525 GC heap before
{Heap before GC invocations=9 (full 2):
 PSYoungGen      total 120832K, used 9214K [0x00000000d5d80000, 0x00000000e2b80000, 0x0000000100000000)
  eden space 111616K, 0% used [0x00000000d5d80000,0x00000000d5d80000,0x00000000dca80000)
  from space 9216K, 99% used [0x00000000dca80000,0x00000000dd37f870,0x00000000dd380000)
  to   space 10752K, 0% used [0x00000000e2100000,0x00000000e2100000,0x00000000e2b80000)
 ParOldGen       total 55296K, used 11190K [0x0000000081800000, 0x0000000084e00000, 0x00000000d5d80000)
  object space 55296K, 20% used [0x0000000081800000,0x00000000822ed990,0x0000000084e00000)
 Metaspace       used 33454K, capacity 35338K, committed 35496K, reserved 1079296K
  class space    used 4408K, capacity 4753K, committed 4864K, reserved 1048576K
Event: 5.604 GC heap after
Heap after GC invocations=9 (full 2):
 PSYoungGen      total 120832K, used 0K [0x00000000d5d80000, 0x00000000e2b80000, 0x0000000100000000)
  eden space 111616K, 0% used [0x00000000d5d80000,0x00000000d5d80000,0x00000000dca80000)
  from space 9216K, 0% used [0x00000000dca80000,0x00000000dca80000,0x00000000dd380000)
  to   space 10752K, 0% used [0x00000000e2100000,0x00000000e2100000,0x00000000e2b80000)
 ParOldGen       total 89600K, used 15778K [0x0000000081800000, 0x0000000086f80000, 0x00000000d5d80000)
  object space 89600K, 17% used [0x0000000081800000,0x0000000082768bc0,0x0000000086f80000)
 Metaspace       used 33454K, capacity 35338K, committed 35496K, reserved 1079296K
  class space    used 4408K, capacity 4753K, committed 4864K, reserved 1048576K
}

Deoptimization events (0 events):
No events

Internal exceptions (10 events):
Event: 5.821 Thread 0x00000000029c5000 Exception <a 'java/lang/ArrayIndexOutOfBoundsException'> (0x00000000d6b79c88) thrown at [D:\re\workspace\8-2-build-windows-amd64-cygwin\jdk8u77\6540\hotspot\src\share\vm\runtime\sharedRuntime.cpp, line 605]
Event: 5.822 Thread 0x00000000029c5000 Exception <a 'java/lang/ArrayIndexOutOfBoundsException'> (0x00000000d6b7d598) thrown at [D:\re\workspace\8-2-build-windows-amd64-cygwin\jdk8u77\6540\hotspot\src\share\vm\runtime\sharedRuntime.cpp, line 605]
Event: 5.934 Thread 0x00000000029c5000 Exception <a 'java/lang/ArrayIndexOutOfBoundsException'> (0x00000000d7064e20) thrown at [D:\re\workspace\8-2-build-windows-amd64-cygwin\jdk8u77\6540\hotspot\src\share\vm\runtime\sharedRuntime.cpp, line 605]
Event: 5.935 Thread 0x00000000029c5000 Exception <a 'java/lang/ArrayIndexOutOfBoundsException'> (0x00000000d706d610) thrown at [D:\re\workspace\8-2-build-windows-amd64-cygwin\jdk8u77\6540\hotspot\src\share\vm\runtime\sharedRuntime.cpp, line 605]
Event: 5.935 Thread 0x00000000029c5000 Exception <a 'java/lang/ArrayIndexOutOfBoundsException'> (0x00000000d706f368) thrown at [D:\re\workspace\8-2-build-windows-amd64-cygwin\jdk8u77\6540\hotspot\src\share\vm\runtime\sharedRuntime.cpp, line 605]
Event: 5.935 Thread 0x00000000029c5000 Exception <a 'java/lang/ArrayIndexOutOfBoundsException'> (0x00000000d7071610) thrown at [D:\re\workspace\8-2-build-windows-amd64-cygwin\jdk8u77\6540\hotspot\src\share\vm\runtime\sharedRuntime.cpp, line 605]
Event: 5.935 Thread 0x00000000029c5000 Exception <a 'java/lang/ArrayIndexOutOfBoundsException'> (0x00000000d7072ed8) thrown at [D:\re\workspace\8-2-build-windows-amd64-cygwin\jdk8u77\6540\hotspot\src\share\vm\runtime\sharedRuntime.cpp, line 605]
Event: 5.949 Thread 0x00000000029c5000 Exception <a 'java/lang/ArrayIndexOutOfBoundsException'> (0x00000000d7324bd8) thrown at [D:\re\workspace\8-2-build-windows-amd64-cygwin\jdk8u77\6540\hotspot\src\share\vm\runtime\sharedRuntime.cpp, line 605]
Event: 5.949 Thread 0x00000000029c5000 Exception <a 'java/lang/ArrayIndexOutOfBoundsException'> (0x00000000d7326f58) thrown at [D:\re\workspace\8-2-build-windows-amd64-cygwin\jdk8u77\6540\hotspot\src\share\vm\runtime\sharedRuntime.cpp, line 605]
Event: 5.951 Thread 0x00000000029c5000 Exception <a 'java/lang/ArrayIndexOutOfBoundsException'> (0x00000000d73389d0) thrown at [D:\re\workspace\8-2-build-windows-amd64-cygwin\jdk8u77\6540\hotspot\src\share\vm\runtime\sharedRuntime.cpp, line 605]

Events (10 events):
Event: 14.503 loading class com/javakc/Test1/HCNetSDK$NET_DVR_RECORDSCHED
Event: 14.503 loading class com/javakc/Test1/HCNetSDK$NET_DVR_RECORDSCHED done
Event: 14.503 loading class com/javakc/Test1/HCNetSDK$NET_DVR_COMPRESSION_INFO_EX
Event: 14.503 loading class com/javakc/Test1/HCNetSDK$NET_DVR_COMPRESSION_INFO_EX done
Event: 14.504 loading class com/javakc/Test1/HCNetSDK$NET_DVR_COMPRESSIONCFG
Event: 14.504 loading class com/javakc/Test1/HCNetSDK$NET_DVR_COMPRESSIONCFG done
Event: 14.505 loading class com/javakc/Test1/HCNetSDK$NET_DVR_COMPRESSION_INFO
Event: 14.505 loading class com/javakc/Test1/HCNetSDK$NET_DVR_COMPRESSION_INFO done
Event: 14.505 loading class com/javakc/Test1/HCNetSDK$NET_DVR_COMPRESSIONCFG_V30
Event: 14.505 loading class com/javakc/Test1/HCNetSDK$NET_DVR_COMPRESSIONCFG_V30 done


Dynamic libraries:
0x00007ff7d41c0000 - 0x00007ff7d41f7000 	D:\Java\jdk1.8.0_77\bin\java.exe
0x00007ffae2280000 - 0x00007ffae2470000 	C:\WINDOWS\SYSTEM32\ntdll.dll
0x00007ffae1b10000 - 0x00007ffae1bc2000 	C:\WINDOWS\System32\KERNEL32.DLL
0x00007ffae0080000 - 0x00007ffae0325000 	C:\WINDOWS\System32\KERNELBASE.dll
0x00007ffae1d80000 - 0x00007ffae1e23000 	C:\WINDOWS\System32\ADVAPI32.dll
0x00007ffae0fa0000 - 0x00007ffae103e000 	C:\WINDOWS\System32\msvcrt.dll
0x00007ffae0e90000 - 0x00007ffae0f27000 	C:\WINDOWS\System32\sechost.dll
0x00007ffae0330000 - 0x00007ffae044f000 	C:\WINDOWS\System32\RPCRT4.dll
0x00007ffae1ed0000 - 0x00007ffae2064000 	C:\WINDOWS\System32\USER32.dll
0x00007ffadf2b0000 - 0x00007ffadf2d1000 	C:\WINDOWS\System32\win32u.dll
0x00007ffae0450000 - 0x00007ffae0476000 	C:\WINDOWS\System32\GDI32.dll
0x00007ffadfdf0000 - 0x00007ffadff88000 	C:\WINDOWS\System32\gdi32full.dll
0x00007ffadfbb0000 - 0x00007ffadfc4e000 	C:\WINDOWS\System32\msvcp_win.dll
0x00007ffadfab0000 - 0x00007ffadfbaa000 	C:\WINDOWS\System32\ucrtbase.dll
0x00007ffacf230000 - 0x00007ffacf4b4000 	C:\WINDOWS\WinSxS\amd64_microsoft.windows.common-controls_6595b64144ccf1df_6.0.18362.1316_none_9e7a364fe461dbd7\COMCTL32.dll
0x00007ffae1230000 - 0x00007ffae1567000 	C:\WINDOWS\System32\combase.dll
0x00007ffadfff0000 - 0x00007ffae0071000 	C:\WINDOWS\System32\bcryptPrimitives.dll
0x00007ffae1040000 - 0x00007ffae106e000 	C:\WINDOWS\System32\IMM32.DLL
0x000000006b8f0000 - 0x000000006b9c2000 	D:\Java\jdk1.8.0_77\jre\bin\msvcr100.dll
0x000000006b060000 - 0x000000006b8f0000 	D:\Java\jdk1.8.0_77\jre\bin\server\jvm.dll
0x00007ffae0660000 - 0x00007ffae0668000 	C:\WINDOWS\System32\PSAPI.DLL
0x00007ffac8490000 - 0x00007ffac8499000 	C:\WINDOWS\SYSTEM32\WSOCK32.dll
0x00007ffae21d0000 - 0x00007ffae223f000 	C:\WINDOWS\System32\WS2_32.dll
0x00007ffadc5b0000 - 0x00007ffadc5d4000 	C:\WINDOWS\SYSTEM32\WINMM.dll
0x00007ffaded00000 - 0x00007ffaded0a000 	C:\WINDOWS\SYSTEM32\VERSION.dll
0x00007ffadc5e0000 - 0x00007ffadc60d000 	C:\WINDOWS\SYSTEM32\WINMMBASE.dll
0x00007ffadfda0000 - 0x00007ffadfdea000 	C:\WINDOWS\System32\cfgmgr32.dll
0x000000006b050000 - 0x000000006b05f000 	D:\Java\jdk1.8.0_77\jre\bin\verify.dll
0x000000006b020000 - 0x000000006b049000 	D:\Java\jdk1.8.0_77\jre\bin\java.dll
0x000000006afd0000 - 0x000000006aff3000 	D:\Java\jdk1.8.0_77\jre\bin\instrument.dll
0x000000006b000000 - 0x000000006b016000 	D:\Java\jdk1.8.0_77\jre\bin\zip.dll
0x00007ffae06d0000 - 0x00007ffae0db8000 	C:\WINDOWS\System32\SHELL32.dll
0x00007ffae05b0000 - 0x00007ffae0657000 	C:\WINDOWS\System32\shcore.dll
0x00007ffadf2e0000 - 0x00007ffadfa5b000 	C:\WINDOWS\System32\windows.storage.dll
0x00007ffadf1b0000 - 0x00007ffadf1d3000 	C:\WINDOWS\System32\profapi.dll
0x00007ffadf160000 - 0x00007ffadf1aa000 	C:\WINDOWS\System32\powrprof.dll
0x00007ffadf130000 - 0x00007ffadf140000 	C:\WINDOWS\System32\UMPDC.dll
0x00007ffae0670000 - 0x00007ffae06c2000 	C:\WINDOWS\System32\shlwapi.dll
0x00007ffadf140000 - 0x00007ffadf151000 	C:\WINDOWS\System32\kernel.appcore.dll
0x00007ffadfa90000 - 0x00007ffadfaa7000 	C:\WINDOWS\System32\cryptsp.dll
0x00007ffad8750000 - 0x00007ffad876a000 	D:\Java\IntelliJ IDEA 2019.3.3\bin\breakgen64.dll
0x000000006ae90000 - 0x000000006aeaa000 	D:\Java\jdk1.8.0_77\jre\bin\net.dll
0x00007ffade900000 - 0x00007ffade967000 	C:\WINDOWS\system32\mswsock.dll
0x00007ffade650000 - 0x00007ffade71b000 	C:\WINDOWS\SYSTEM32\DNSAPI.dll
0x00007ffae05a0000 - 0x00007ffae05a8000 	C:\WINDOWS\System32\NSI.dll
0x00007ffade610000 - 0x00007ffade64a000 	C:\WINDOWS\SYSTEM32\IPHLPAPI.DLL
0x00007ffad6dc0000 - 0x00007ffad6dca000 	C:\Windows\System32\rasadhlp.dll
0x00007ffad6ed0000 - 0x00007ffad6f47000 	C:\WINDOWS\System32\fwpuclnt.dll
0x00007ffadfa60000 - 0x00007ffadfa86000 	C:\WINDOWS\System32\bcrypt.dll
0x000000006afc0000 - 0x000000006afcd000 	D:\Java\jdk1.8.0_77\jre\bin\management.dll
0x000000006ae70000 - 0x000000006ae81000 	D:\Java\jdk1.8.0_77\jre\bin\nio.dll
0x00007ffade480000 - 0x00007ffade4b3000 	C:\WINDOWS\system32\rsaenh.dll
0x00007ffadf050000 - 0x00007ffadf075000 	C:\WINDOWS\SYSTEM32\USERENV.dll
0x00007ffadead0000 - 0x00007ffadeadc000 	C:\WINDOWS\SYSTEM32\CRYPTBASE.dll
0x00007ffad7740000 - 0x00007ffad7756000 	C:\WINDOWS\SYSTEM32\dhcpcsvc6.DLL
0x00007ffad7680000 - 0x00007ffad769c000 	C:\WINDOWS\SYSTEM32\dhcpcsvc.DLL
0x00007ffab00d0000 - 0x00007ffab00e6000 	C:\WINDOWS\system32\napinsp.dll
0x00007ffaafcd0000 - 0x00007ffaafcea000 	C:\WINDOWS\system32\pnrpnsp.dll
0x00007ffacf4d0000 - 0x00007ffacf4de000 	C:\WINDOWS\System32\winrnr.dll
0x00007ffadad30000 - 0x00007ffadad4c000 	C:\WINDOWS\system32\NLAapi.dll
0x00007ffaba1c0000 - 0x00007ffaba1d5000 	C:\WINDOWS\system32\wshbth.dll
0x0000000180000000 - 0x0000000180031000 	C:\Users\dell\AppData\Local\Temp\jna5787191117460209158.tmp
0x00007ffaa58c0000 - 0x00007ffaa5bbe000 	C:\Users\dell\Desktop\luxiang\luxiang\lib\HCNetSDK.dll
0x000000001e310000 - 0x000000001ed7a000 	C:\Users\dell\Desktop\luxiang\luxiang\lib\HCCore.dll
0x00007ffacdaf0000 - 0x00007ffacdcb1000 	C:\Users\dell\Desktop\luxiang\luxiang\lib\libeay32.dll
0x00007ffad6ce0000 - 0x00007ffad6d50000 	C:\Users\dell\Desktop\luxiang\luxiang\lib\ssleay32.dll
0x00007ffaa55a0000 - 0x00007ffaa58b5000 	C:\Users\dell\Desktop\luxiang\luxiang\lib\HCNetSDKCom\HCVoiceTalk.dll
0x00000000207e0000 - 0x0000000020aee000 	C:\Users\dell\Desktop\luxiang\luxiang\lib\HCNetSDKCom\HCCoreDevCfg.dll
0x00007ffaa51c0000 - 0x00007ffaa5592000 	C:\Users\dell\Desktop\luxiang\luxiang\lib\HCNetSDKCom\HCGeneralCfgMgr.dll
0x00007ffaa4ee0000 - 0x00007ffaa51b4000 	C:\Users\dell\Desktop\luxiang\luxiang\lib\HCNetSDKCom\HCPlayBack.dll
0x00007ffaa4b70000 - 0x00007ffaa4ed7000 	C:\Users\dell\Desktop\luxiang\luxiang\lib\HCNetSDKCom\HCIndustry.dll
0x00007ffaa4850000 - 0x00007ffaa4b63000 	C:\Users\dell\Desktop\luxiang\luxiang\lib\HCNetSDKCom\HCDisplay.dll
0x00007ffaa4580000 - 0x00007ffaa484a000 	C:\Users\dell\Desktop\luxiang\luxiang\lib\HCNetSDKCom\HCPreview.dll
0x00007ffa89010000 - 0x00007ffa892f8000 	C:\Users\dell\Desktop\luxiang\luxiang\lib\HCNetSDKCom\HCAlarm.dll
0x00007ffadd9c0000 - 0x00007ffaddbb4000 	C:\WINDOWS\SYSTEM32\dbghelp.dll

VM Arguments:
jvm_args: -XX:TieredStopAtLevel=1 -Xverify:none -Dspring.output.ansi.enabled=always -Dcom.sun.management.jmxremote -Dspring.jmx.enabled=true -Dspring.liveBeansView.mbeanDomain -Dspring.application.admin.enabled=true -javaagent:D:\Java\IntelliJ IDEA 2019.3.3\lib\idea_rt.jar=59250:D:\Java\IntelliJ IDEA 2019.3.3\bin -Dfile.encoding=UTF-8 
java_command: com.javakc.luxiang.LuxiangApplication
java_class_path (initial): D:\Java\jdk1.8.0_77\jre\lib\charsets.jar;D:\Java\jdk1.8.0_77\jre\lib\deploy.jar;D:\Java\jdk1.8.0_77\jre\lib\ext\access-bridge-64.jar;D:\Java\jdk1.8.0_77\jre\lib\ext\cldrdata.jar;D:\Java\jdk1.8.0_77\jre\lib\ext\dnsns.jar;D:\Java\jdk1.8.0_77\jre\lib\ext\jaccess.jar;D:\Java\jdk1.8.0_77\jre\lib\ext\jfxrt.jar;D:\Java\jdk1.8.0_77\jre\lib\ext\localedata.jar;D:\Java\jdk1.8.0_77\jre\lib\ext\nashorn.jar;D:\Java\jdk1.8.0_77\jre\lib\ext\sunec.jar;D:\Java\jdk1.8.0_77\jre\lib\ext\sunjce_provider.jar;D:\Java\jdk1.8.0_77\jre\lib\ext\sunmscapi.jar;D:\Java\jdk1.8.0_77\jre\lib\ext\sunpkcs11.jar;D:\Java\jdk1.8.0_77\jre\lib\ext\zipfs.jar;D:\Java\jdk1.8.0_77\jre\lib\javaws.jar;D:\Java\jdk1.8.0_77\jre\lib\jce.jar;D:\Java\jdk1.8.0_77\jre\lib\jfr.jar;D:\Java\jdk1.8.0_77\jre\lib\jfxswt.jar;D:\Java\jdk1.8.0_77\jre\lib\jsse.jar;D:\Java\jdk1.8.0_77\jre\lib\management-agent.jar;D:\Java\jdk1.8.0_77\jre\lib\plugin.jar;D:\Java\jdk1.8.0_77\jre\lib\resources.jar;D:\Java\jdk1.8.0_77\jre\lib\rt.jar;C:\Users\dell\Desktop\luxiang\luxiang\target\classes;D:\Java\apache-maven-3.6.0\repo\org\springframework\boot\spring-boot-starter-web\2.4.1\spring-boot-starter-web-2.4.1.jar;D:\Java\apache-maven-3.6.0\repo\org\springframework\boot\spring-boot-starter\2.4.1\spring-boot-starter-2.4.1.jar;D:\Java\apache-maven-3.6.0\repo\org\springframework\boot\spring-boot\2.4.1\spring-boot-2.4.1.jar;D:\Java\apache-maven-3.6.0\repo\org\springframework\boot\spring-boot-starter-logging\2.4.1\spring-boot-starter-logging-2.4.1.jar;D:\Java\apache-maven-3.6.0\repo\ch\qos\logback\logback-classic\1.2.3\logback-classic-1.2.3.jar;D:\Java\apache-maven-3.6.0\repo\ch\qos\logback\logback-core\1.2.3\logback-core-1.2.3.jar;D:\Java\apache-maven-3.6.0\repo\org\apache\logging\log4j\log4j-to-slf4j\2.13.3\log4j-to-slf4j-2.13.3.jar;D:\Java\apache-maven-3.6.0\repo\org\apache\logging\log4j\log4j-api\2.13.3\log4j-api-2.13.3.jar;D:\Java\apache-maven-3.6.0\repo\org\slf4j\jul-to-slf4j\1.7.30\jul-to-slf4j-1.7.30.jar;D:\Java\apa
Launcher Type: SUN_STANDARD

Environment Variables:
JAVA_HOME=D:\Java\jdk1.8.0_77
CLASSPATH=.;
PATH=C:\Program Files (x86)\Common Files\Oracle\Java\javapath;C:\Program Files\Common Files\Intel\WirelessCommon\;C:\Program Files\Intel\iCLS Client\;C:\Program Files\MySQL\MySQL Server 5.5\bin;C:\Program Files (x86)\Intel\Intel(R) Management Engine Components\DAL;C:\Program Files\Intel\Intel(R) Management Engine Components\DAL;C:\Program Files\Intel\WiFi\bin\;"D:\Java\jdk1.8.0_77\bin;";"D:\Java\apache-tomcat-8.5.54\bin;";C:\Program Files (x86)\Common Files\Intel\Shared Libraries\redist\intel64\compiler;C:\WINDOWS\system32;C:\WINDOWS;C:\WINDOWS\System32\Wbem;C:\WINDOWS\System32\WindowsPowerShell\v1.0\;C:\WINDOWS\System32\OpenSSH\;";D:\Java\apache-tomcat-8.5.54\lib;D:\Java\apache-tomcat-8.5.54\bin;";D:\Program Files\mysql-8.0.18-winx64\bin;D:\Java\apache-maven-3.6.3\bin;D:\Java\nodejs\;D:\Java\Git\cmd;D:\python\Scripts\;D:\python\;C:\Users\dell\AppData\Local\Microsoft\WindowsApps;D:\Java\jdk1.8.0_77\bin;C:\Program Files\Intel\WiFi\bin\;C:\Program Files\Common Files\Intel\WirelessCommon\;D:\SSH Communications Security\SSH Secure Shell;C:\Users\dell\AppData\Roaming\npm
USERNAME=dell
OS=Windows_NT
PROCESSOR_IDENTIFIER=Intel64 Family 6 Model 142 Stepping 9, GenuineIntel



---------------  S Y S T E M  ---------------

OS: Windows 10.0 , 64 bit Build 18362 (10.0.18362.1316)

CPU:total 4 (2 cores per cpu, 2 threads per core) family 6 model 142 stepping 9, cmov, cx8, fxsr, mmx, sse, sse2, sse3, ssse3, sse4.1, sse4.2, popcnt, avx, avx2, aes, clmul, erms, 3dnowpref, lzcnt, ht, tsc, tscinvbit, bmi1, bmi2, adx

Memory: 4k page, physical 8284804k(1773904k free), swap 16673412k(9138296k free)

vm_info: Java HotSpot(TM) 64-Bit Server VM (25.77-b03) for windows-amd64 JRE (1.8.0_77-b03), built on Mar 20 2016 22:01:33 by "java_re" with MS VC++ 10.0 (VS2010)

time: Fri Jan 22 17:25:48 2021
elapsed time: 14 seconds (0d 0h 0m 14s)

